<?xml version="1.0" encoding="UTF-8"?>
<testng-results skipped="0" failed="0" total="2" passed="2">
  <reporter-output>
  </reporter-output>
  <suite name="Default suite" duration-ms="97" started-at="2018-05-08T14:10:03Z" finished-at="2018-05-08T14:10:03Z">
    <groups>
    </groups>
    <test name="Default test" duration-ms="97" started-at="2018-05-08T14:10:03Z" finished-at="2018-05-08T14:10:03Z">
      <class name="arrays.PayPal">
        <test-method status="PASS" signature="t1()[pri:0, instance:arrays.PayPal@47c62251]" name="t1" duration-ms="33" started-at="2018-05-08T19:40:03Z" finished-at="2018-05-08T19:40:03Z">
          <reporter-output>
          </reporter-output>
        </test-method> <!-- t1 -->
        <test-method status="PASS" signature="t2()[pri:0, instance:arrays.PayPal@47c62251]" name="t2" duration-ms="6" started-at="2018-05-08T19:40:03Z" finished-at="2018-05-08T19:40:03Z">
          <reporter-output>
          </reporter-output>
        </test-method> <!-- t2 -->
      </class> <!-- arrays.PayPal -->
    </test> <!-- Default test -->
  </suite> <!-- Default suite -->
</testng-results>
